<?xml version="1.0" encoding="UTF-8"?>
<testsuite xmlns:xsi="http://www.w3.org/2001/XMLSchema-instance" xsi:noNamespaceSchemaLocation="https://maven.apache.org/surefire/maven-surefire-plugin/xsd/surefire-test-report-3.0.xsd" version="3.0" name="com.southcollege.exam.utils.AesUtilTest" time="0.02" tests="6" errors="0" skipped="0" failures="0">
  <properties>
[...]
</properties>
  <testcase name="testDecryptEmpty" classname="com.southcollege.exam.utils.AesUtilTest" time="0.0"/>
  <testcase name="testDecryptNull" classname="com.southcollege.exam.utils.AesUtilTest" time="0.0"/>
  <testcase name="testEncryptEmpty" classname="com.southcollege.exam.utils.AesUtilTest" time="0.001"/>
  <testcase name="testEncryptNull" classname="com.southcollege.exam.utils.AesUtilTest" time="0.0"/>
  <testcase name="testEncryptChineseCharacters" classname="com.southcollege.exam.utils.AesUtilTest" time="0.011"/>
  <testcase name="testEncryptAndDecrypt" classname="com.southcollege.exam.utils.AesUtilTest" time="0.001"/>
</testsuite>